app/build/intermediates/manifest_merge_blame_file/debug/manifest-merger-blame-debug-report.txt
1<?xml version="1.0" encoding="utf-8"?>
2<manifest xmlns:android="http://schemas.android.com/apk/res/android"
3    package="com.napier.greystoriesgame"
4    android:versionCode="1"
5    android:versionName="1.0" >
6
7    <uses-sdk
8        android:minSdkVersion="21"
8-->src\main\AndroidManifest.xml
9        android:targetSdkVersion="32" />
9-->src\main\AndroidManifest.xml
10
11    <uses-permission android:name="android.permission.INTERNET" />
11-->src\main\AndroidManifest.xml:5:5-66
11-->src\main\AndroidManifest.xml:5:22-64
12
13    <application
13-->src\main\AndroidManifest.xml:6:5-29:19
14        android:allowBackup="false"
14-->src\main\AndroidManifest.xml:7:9-36
15        android:appComponentFactory="androidx.core.app.CoreComponentFactory"
15-->[androidx.core:core:1.7.0] AndroidManifest.xml:24:18-86
16        android:debuggable="true"
17        android:icon="@drawable/greystorieslogo"
17-->src\main\AndroidManifest.xml:8:9-49
18        android:label="Grey Stories"
18-->src\main\AndroidManifest.xml:9:9-37
19        android:roundIcon="@drawable/greystorieslogo"
19-->src\main\AndroidManifest.xml:10:9-54
20        android:supportsRtl="true"
20-->src\main\AndroidManifest.xml:11:9-35
21        android:testOnly="true"
22        android:theme="@style/Theme.GreyStoriesGame" >
22-->src\main\AndroidManifest.xml:12:9-53
23        <activity
23-->src\main\AndroidManifest.xml:13:9-21:20
24            android:name="com.napier.greystoriesgame.MainActivity"
24-->src\main\AndroidManifest.xml:14:13-41
25            android:exported="true" >
25-->src\main\AndroidManifest.xml:15:13-36
26            <intent-filter>
26-->src\main\AndroidManifest.xml:16:13-20:29
27                <action android:name="android.intent.action.MAIN" />
27-->src\main\AndroidManifest.xml:17:17-69
27-->src\main\AndroidManifest.xml:17:25-66
28
29                <category android:name="android.intent.category.LAUNCHER" />
29-->src\main\AndroidManifest.xml:19:17-77
29-->src\main\AndroidManifest.xml:19:27-74
30            </intent-filter>
31        </activity>
32        <activity android:name="com.napier.greystoriesgame.RiddleActivity" />
32-->src\main\AndroidManifest.xml:22:9-51
32-->src\main\AndroidManifest.xml:22:19-49
33        <activity android:name="com.napier.greystoriesgame.SolutionOrHints" />
33-->src\main\AndroidManifest.xml:23:9-52
33-->src\main\AndroidManifest.xml:23:19-50
34        <activity
34-->src\main\AndroidManifest.xml:24:9-25:57
35            android:name="com.napier.greystoriesgame.AboutActivity"
35-->src\main\AndroidManifest.xml:24:19-48
36            android:parentActivityName="com.napier.greystoriesgame.MainActivity" />
36-->src\main\AndroidManifest.xml:25:13-55
37        <activity
37-->src\main\AndroidManifest.xml:26:9-27:57
38            android:name="com.napier.greystoriesgame.HowToPlayActivity"
38-->src\main\AndroidManifest.xml:26:19-52
39            android:parentActivityName="com.napier.greystoriesgame.MainActivity" />
39-->src\main\AndroidManifest.xml:27:13-55
40
41        <provider
41-->[androidx.emoji2:emoji2:1.0.0] AndroidManifest.xml:26:9-34:20
42            android:name="androidx.startup.InitializationProvider"
42-->[androidx.emoji2:emoji2:1.0.0] AndroidManifest.xml:27:13-67
43            android:authorities="com.napier.greystoriesgame.androidx-startup"
43-->[androidx.emoji2:emoji2:1.0.0] AndroidManifest.xml:28:13-68
44            android:exported="false" >
44-->[androidx.emoji2:emoji2:1.0.0] AndroidManifest.xml:29:13-37
45            <meta-data
45-->[androidx.emoji2:emoji2:1.0.0] AndroidManifest.xml:31:13-33:52
46                android:name="androidx.emoji2.text.EmojiCompatInitializer"
46-->[androidx.emoji2:emoji2:1.0.0] AndroidManifest.xml:32:17-75
47                android:value="androidx.startup" />
47-->[androidx.emoji2:emoji2:1.0.0] AndroidManifest.xml:33:17-49
48            <meta-data
48-->[androidx.lifecycle:lifecycle-process:2.4.0] AndroidManifest.xml:31:13-33:52
49                android:name="androidx.lifecycle.ProcessLifecycleInitializer"
49-->[androidx.lifecycle:lifecycle-process:2.4.0] AndroidManifest.xml:32:17-78
50                android:value="androidx.startup" />
50-->[androidx.lifecycle:lifecycle-process:2.4.0] AndroidManifest.xml:33:17-49
51        </provider>
52    </application>
53
54</manifest>